<?xml version="1.0" encoding="UTF-8"?>
<!-- Generated by org.testng.reporters.JUnitXMLReporter -->
<testsuite hostname="Denyss-MBP.home" ignored="0" name="firefoxtest" tests="2" failures="0" timestamp="2020-03-15T06:43:40 EDT" time="113.853" errors="0">
  <testcase name="searchCustomerbyEmail" time="12.355" classname="com.nopcommerce.testCases.TC_SearchCustomerByEmail_004"/>
  <testcase name="searchCustomerbyName" time="9.849" classname="com.nopcommerce.testCases.TC_SearchCustomerByName_005"/>
</testsuite> <!-- firefoxtest -->
