<?xml version="1.0" encoding="UTF-8"?>
<!-- Generated by org.testng.reporters.JUnitXMLReporter -->
<testsuite hostname="Denyss-MBP.home" ignored="0" name="chrometest" tests="8" failures="0" timestamp="2020-03-15T19:22:30 EDT" time="94.802" errors="0">
  <testcase name="addNewCustomer" time="22.244" classname="com.nopcommerce.testCases.TC_AddCustomerTest_003"/>
  <testcase name="loginTest" time="7.114" classname="com.nopcommerce.testCases.TC_LoginTest_001"/>
  <testcase name="loginTest" time="14.223" classname="com.nopcommerce.testCases.TC_LoginDDT_002"/>
  <testcase name="loginTest" time="6.217" classname="com.nopcommerce.testCases.TC_LoginDDT_002"/>
  <testcase name="loginTest" time="6.096" classname="com.nopcommerce.testCases.TC_LoginDDT_002"/>
  <testcase name="loginTest" time="6.048" classname="com.nopcommerce.testCases.TC_LoginDDT_002"/>
  <testcase name="searchCustomerbyEmail" time="13.273" classname="com.nopcommerce.testCases.TC_SearchCustomerByEmail_004"/>
  <testcase name="searchCustomerbyName" time="10.864" classname="com.nopcommerce.testCases.TC_SearchCustomerByName_005"/>
</testsuite> <!-- chrometest -->
